<?xml version="1.0" encoding="UTF-8"?>
<!-- Generated by org.testng.reporters.JUnitXMLReporter -->
<testsuite hostname="DESKTOP-PHQB903" ignored="0" name="Test" tests="12" failures="1" timestamp="26 Nov 2021 12:56:15 GMT" time="268.164" errors="0">
  <testcase name="testcase1" time="14.272" classname="com.mindtree.testrunner.BigSmallApplication"/>
  <testcase name="testcase2" time="6.856" classname="com.mindtree.testrunner.BigSmallApplication"/>
  <testcase name="testcase3" time="15.776" classname="com.mindtree.testrunner.BigSmallApplication"/>
  <testcase name="testcase4" time="6.076" classname="com.mindtree.testrunner.BigSmallApplication"/>
  <testcase name="testcase5" time="5.086" classname="com.mindtree.testrunner.BigSmallApplication"/>
  <testcase name="testcase6" time="15.242" classname="com.mindtree.testrunner.BigSmallApplication">
    <failure type="org.openqa.selenium.NoSuchElementException" message="Cannot locate an element using xpath=//div[@class=&amp;apos;recaptcha-checkbox-border&amp;apos;]
For documentation on this error, please visit: https://www.seleniumhq.org/exceptions/no_such_element.html
Build info: version: &amp;apos;3.141.59&amp;apos;, revision: &amp;apos;e82be7d358&amp;apos;, time: &amp;apos;2018-11-14T08:17:03&amp;apos;
System info: host: &amp;apos;DESKTOP-PHQB903&amp;apos;, ip: &amp;apos;192.168.0.102&amp;apos;, os.name: &amp;apos;Windows 10&amp;apos;, os.arch: &amp;apos;x86&amp;apos;, os.version: &amp;apos;10.0&amp;apos;, java.version: &amp;apos;1.8.0_261&amp;apos;
Driver info: driver.version: RemoteWebDriver">
      <![CDATA[org.openqa.selenium.NoSuchElementException: Cannot locate an element using xpath=//div[@class='recaptcha-checkbox-border']
For documentation on this error, please visit: https://www.seleniumhq.org/exceptions/no_such_element.html
Build info: version: '3.141.59', revision: 'e82be7d358', time: '2018-11-14T08:17:03'
System info: host: 'DESKTOP-PHQB903', ip: '192.168.0.102', os.name: 'Windows 10', os.arch: 'x86', os.version: '10.0', java.version: '1.8.0_261'
Driver info: driver.version: RemoteWebDriver
at org.openqa.selenium.remote.RemoteWebDriver.findElement(RemoteWebDriver.java:327)
at org.openqa.selenium.remote.RemoteWebDriver.findElementByXPath(RemoteWebDriver.java:428)
at org.openqa.selenium.By$ByXPath.findElement(By.java:353)
at org.openqa.selenium.remote.RemoteWebDriver.findElement(RemoteWebDriver.java:315)
at com.mindtree.pageobjects.RobotPage.getRobot(RobotPage.java:18)
at com.mindtree.testrunner.BigSmallApplication.testcase6(BigSmallApplication.java:245)
... Removed 25 stack frames]]>
    </failure>
  </testcase> <!-- testcase6 -->
  <testcase name="testcase7" time="7.951" classname="com.mindtree.testrunner.BigSmallApplication"/>
  <testcase name="testcase8" time="25.447" classname="com.mindtree.testrunner.BigSmallApplication"/>
  <testcase name="testcase9" time="14.314" classname="com.mindtree.testrunner.BigSmallApplication"/>
  <testcase name="testcase10" time="8.307" classname="com.mindtree.testrunner.BigSmallApplication"/>
  <testcase name="testcase11" time="11.113" classname="com.mindtree.testrunner.BigSmallApplication"/>
  <testcase name="testcase12" time="7.892" classname="com.mindtree.testrunner.BigSmallApplication"/>
</testsuite> <!-- Test -->
