<?xml version="1.0" encoding="UTF-8"?>
<testng-results skipped="0" failed="1" ignored="0" total="12" passed="11">
  <reporter-output>
  </reporter-output>
  <suite name="Suite" duration-ms="268164" started-at="2021-11-26T12:51:46Z" finished-at="2021-11-26T12:56:15Z">
    <groups>
    </groups>
    <test name="Test" duration-ms="268164" started-at="2021-11-26T12:51:46Z" finished-at="2021-11-26T12:56:15Z">
      <class name="com.mindtree.testrunner.BigSmallApplication">
        <test-method status="PASS" signature="start()[pri:0, instance:com.mindtree.testrunner.BigSmallApplication@35b0f5]" name="start" is-config="true" duration-ms="9674" started-at="2021-11-26T12:51:46Z" finished-at="2021-11-26T12:51:56Z">
          <reporter-output>
          </reporter-output>
        </test-method> <!-- start -->
        <test-method status="PASS" signature="testcase1()[pri:1, instance:com.mindtree.testrunner.BigSmallApplication@35b0f5]" name="testcase1" duration-ms="14272" started-at="2021-11-26T12:51:56Z" finished-at="2021-11-26T12:52:10Z">
          <reporter-output>
          </reporter-output>
        </test-method> <!-- testcase1 -->
        <test-method status="PASS" signature="teardown()[pri:0, instance:com.mindtree.testrunner.BigSmallApplication@35b0f5]" name="teardown" is-config="true" duration-ms="879" started-at="2021-11-26T12:52:10Z" finished-at="2021-11-26T12:52:11Z">
          <reporter-output>
          </reporter-output>
        </test-method> <!-- teardown -->
        <test-method status="PASS" signature="start()[pri:0, instance:com.mindtree.testrunner.BigSmallApplication@35b0f5]" name="start" is-config="true" duration-ms="8843" started-at="2021-11-26T12:52:11Z" finished-at="2021-11-26T12:52:20Z">
          <reporter-output>
          </reporter-output>
        </test-method> <!-- start -->
        <test-method status="PASS" signature="testcase2()[pri:2, instance:com.mindtree.testrunner.BigSmallApplication@35b0f5]" name="testcase2" duration-ms="6856" started-at="2021-11-26T12:52:20Z" finished-at="2021-11-26T12:52:27Z">
          <reporter-output>
          </reporter-output>
        </test-method> <!-- testcase2 -->
        <test-method status="PASS" signature="teardown()[pri:0, instance:com.mindtree.testrunner.BigSmallApplication@35b0f5]" name="teardown" is-config="true" duration-ms="877" started-at="2021-11-26T12:52:27Z" finished-at="2021-11-26T12:52:28Z">
          <reporter-output>
          </reporter-output>
        </test-method> <!-- teardown -->
        <test-method status="PASS" signature="start()[pri:0, instance:com.mindtree.testrunner.BigSmallApplication@35b0f5]" name="start" is-config="true" duration-ms="10583" started-at="2021-11-26T12:52:28Z" finished-at="2021-11-26T12:52:38Z">
          <reporter-output>
          </reporter-output>
        </test-method> <!-- start -->
        <test-method status="PASS" signature="testcase3(java.lang.String, java.lang.String, java.lang.String, java.lang.String)[pri:3, instance:com.mindtree.testrunner.BigSmallApplication@35b0f5]" name="testcase3" duration-ms="15776" started-at="2021-11-26T12:52:38Z" data-provider="getData3" finished-at="2021-11-26T12:52:54Z">
          <params>
            <param index="0">
              <value>
                <![CDATA[abc123def45678]]>
              </value>
            </param>
            <param index="1">
              <value>
                <![CDATA[123a76bc456def]]>
              </value>
            </param>
            <param index="2">
              <value>
                <![CDATA[a1b2c0983d4e5f6@gmail.com]]>
              </value>
            </param>
            <param index="3">
              <value>
                <![CDATA[8765432143]]>
              </value>
            </param>
          </params>
          <reporter-output>
          </reporter-output>
        </test-method> <!-- testcase3 -->
        <test-method status="PASS" signature="teardown()[pri:0, instance:com.mindtree.testrunner.BigSmallApplication@35b0f5]" name="teardown" is-config="true" duration-ms="863" started-at="2021-11-26T12:52:54Z" finished-at="2021-11-26T12:52:55Z">
          <reporter-output>
          </reporter-output>
        </test-method> <!-- teardown -->
        <test-method status="PASS" signature="start()[pri:0, instance:com.mindtree.testrunner.BigSmallApplication@35b0f5]" name="start" is-config="true" duration-ms="8675" started-at="2021-11-26T12:52:55Z" finished-at="2021-11-26T12:53:04Z">
          <reporter-output>
          </reporter-output>
        </test-method> <!-- start -->
        <test-method status="PASS" signature="testcase4()[pri:4, instance:com.mindtree.testrunner.BigSmallApplication@35b0f5]" name="testcase4" duration-ms="6076" started-at="2021-11-26T12:53:04Z" finished-at="2021-11-26T12:53:10Z">
          <reporter-output>
          </reporter-output>
        </test-method> <!-- testcase4 -->
        <test-method status="PASS" signature="teardown()[pri:0, instance:com.mindtree.testrunner.BigSmallApplication@35b0f5]" name="teardown" is-config="true" duration-ms="764" started-at="2021-11-26T12:53:10Z" finished-at="2021-11-26T12:53:11Z">
          <reporter-output>
          </reporter-output>
        </test-method> <!-- teardown -->
        <test-method status="PASS" signature="start()[pri:0, instance:com.mindtree.testrunner.BigSmallApplication@35b0f5]" name="start" is-config="true" duration-ms="9897" started-at="2021-11-26T12:53:11Z" finished-at="2021-11-26T12:53:20Z">
          <reporter-output>
          </reporter-output>
        </test-method> <!-- start -->
        <test-method status="PASS" signature="testcase5()[pri:5, instance:com.mindtree.testrunner.BigSmallApplication@35b0f5]" name="testcase5" duration-ms="5086" started-at="2021-11-26T12:53:20Z" finished-at="2021-11-26T12:53:26Z">
          <reporter-output>
          </reporter-output>
        </test-method> <!-- testcase5 -->
        <test-method status="PASS" signature="teardown()[pri:0, instance:com.mindtree.testrunner.BigSmallApplication@35b0f5]" name="teardown" is-config="true" duration-ms="1051" started-at="2021-11-26T12:53:26Z" finished-at="2021-11-26T12:53:27Z">
          <reporter-output>
          </reporter-output>
        </test-method> <!-- teardown -->
        <test-method status="PASS" signature="start()[pri:0, instance:com.mindtree.testrunner.BigSmallApplication@35b0f5]" name="start" is-config="true" duration-ms="9496" started-at="2021-11-26T12:53:27Z" finished-at="2021-11-26T12:53:36Z">
          <reporter-output>
          </reporter-output>
        </test-method> <!-- start -->
        <test-method status="FAIL" signature="testcase6(java.lang.String, java.lang.String)[pri:6, instance:com.mindtree.testrunner.BigSmallApplication@35b0f5]" name="testcase6" duration-ms="15242" started-at="2021-11-26T12:53:36Z" data-provider="getData6" finished-at="2021-11-26T12:53:51Z">
          <params>
            <param index="0">
              <value>
                <![CDATA[pragatiaravind1999@gmail.com]]>
              </value>
            </param>
            <param index="1">
              <value>
                <![CDATA[pragati@aravind]]>
              </value>
            </param>
          </params>
          <exception class="org.openqa.selenium.NoSuchElementException">
            <message>
              <![CDATA[Cannot locate an element using xpath=//div[@class='recaptcha-checkbox-border']
For documentation on this error, please visit: https://www.seleniumhq.org/exceptions/no_such_element.html
Build info: version: '3.141.59', revision: 'e82be7d358', time: '2018-11-14T08:17:03'
System info: host: 'DESKTOP-PHQB903', ip: '192.168.0.102', os.name: 'Windows 10', os.arch: 'x86', os.version: '10.0', java.version: '1.8.0_261'
Driver info: driver.version: RemoteWebDriver]]>
            </message>
            <full-stacktrace>
              <![CDATA[org.openqa.selenium.NoSuchElementException: Cannot locate an element using xpath=//div[@class='recaptcha-checkbox-border']
For documentation on this error, please visit: https://www.seleniumhq.org/exceptions/no_such_element.html
Build info: version: '3.141.59', revision: 'e82be7d358', time: '2018-11-14T08:17:03'
System info: host: 'DESKTOP-PHQB903', ip: '192.168.0.102', os.name: 'Windows 10', os.arch: 'x86', os.version: '10.0', java.version: '1.8.0_261'
Driver info: driver.version: RemoteWebDriver
at org.openqa.selenium.remote.RemoteWebDriver.findElement(RemoteWebDriver.java:327)
at org.openqa.selenium.remote.RemoteWebDriver.findElementByXPath(RemoteWebDriver.java:428)
at org.openqa.selenium.By$ByXPath.findElement(By.java:353)
at org.openqa.selenium.remote.RemoteWebDriver.findElement(RemoteWebDriver.java:315)
at com.mindtree.pageobjects.RobotPage.getRobot(RobotPage.java:18)
at com.mindtree.testrunner.BigSmallApplication.testcase6(BigSmallApplication.java:245)
at sun.reflect.NativeMethodAccessorImpl.invoke0(Native Method)
at sun.reflect.NativeMethodAccessorImpl.invoke(Unknown Source)
at sun.reflect.DelegatingMethodAccessorImpl.invoke(Unknown Source)
at java.lang.reflect.Method.invoke(Unknown Source)
at org.testng.internal.MethodInvocationHelper.invokeMethod(MethodInvocationHelper.java:124)
at org.testng.internal.Invoker.invokeMethod(Invoker.java:583)
at org.testng.internal.Invoker.invokeTestMethod(Invoker.java:719)
at org.testng.internal.Invoker.invokeTestMethods(Invoker.java:989)
at org.testng.internal.TestMethodWorker.invokeTestMethods(TestMethodWorker.java:125)
at org.testng.internal.TestMethodWorker.run(TestMethodWorker.java:109)
at org.testng.TestRunner.privateRun(TestRunner.java:648)
at org.testng.TestRunner.run(TestRunner.java:505)
at org.testng.SuiteRunner.runTest(SuiteRunner.java:455)
at org.testng.SuiteRunner.runSequentially(SuiteRunner.java:450)
at org.testng.SuiteRunner.privateRun(SuiteRunner.java:415)
at org.testng.SuiteRunner.run(SuiteRunner.java:364)
at org.testng.SuiteRunnerWorker.runSuite(SuiteRunnerWorker.java:52)
at org.testng.SuiteRunnerWorker.run(SuiteRunnerWorker.java:84)
at org.testng.TestNG.runSuitesSequentially(TestNG.java:1208)
at org.testng.TestNG.runSuitesLocally(TestNG.java:1137)
at org.testng.TestNG.runSuites(TestNG.java:1049)
at org.testng.TestNG.run(TestNG.java:1017)
at org.testng.remote.AbstractRemoteTestNG.run(AbstractRemoteTestNG.java:115)
at org.testng.remote.RemoteTestNG.initAndRun(RemoteTestNG.java:251)
at org.testng.remote.RemoteTestNG.main(RemoteTestNG.java:77)
]]>
            </full-stacktrace>
          </exception> <!-- org.openqa.selenium.NoSuchElementException -->
          <reporter-output>
          </reporter-output>
        </test-method> <!-- testcase6 -->
        <test-method status="PASS" signature="teardown()[pri:0, instance:com.mindtree.testrunner.BigSmallApplication@35b0f5]" name="teardown" is-config="true" duration-ms="1513" started-at="2021-11-26T12:53:52Z" finished-at="2021-11-26T12:53:53Z">
          <reporter-output>
          </reporter-output>
        </test-method> <!-- teardown -->
        <test-method status="PASS" signature="start()[pri:0, instance:com.mindtree.testrunner.BigSmallApplication@35b0f5]" name="start" is-config="true" duration-ms="8976" started-at="2021-11-26T12:53:53Z" finished-at="2021-11-26T12:54:02Z">
          <reporter-output>
          </reporter-output>
        </test-method> <!-- start -->
        <test-method status="PASS" signature="testcase7()[pri:7, instance:com.mindtree.testrunner.BigSmallApplication@35b0f5]" name="testcase7" duration-ms="7951" started-at="2021-11-26T12:54:02Z" finished-at="2021-11-26T12:54:10Z">
          <reporter-output>
          </reporter-output>
        </test-method> <!-- testcase7 -->
        <test-method status="PASS" signature="teardown()[pri:0, instance:com.mindtree.testrunner.BigSmallApplication@35b0f5]" name="teardown" is-config="true" duration-ms="1417" started-at="2021-11-26T12:54:10Z" finished-at="2021-11-26T12:54:12Z">
          <reporter-output>
          </reporter-output>
        </test-method> <!-- teardown -->
        <test-method status="PASS" signature="start()[pri:0, instance:com.mindtree.testrunner.BigSmallApplication@35b0f5]" name="start" is-config="true" duration-ms="10667" started-at="2021-11-26T12:54:12Z" finished-at="2021-11-26T12:54:22Z">
          <reporter-output>
          </reporter-output>
        </test-method> <!-- start -->
        <test-method status="PASS" signature="testcase8()[pri:8, instance:com.mindtree.testrunner.BigSmallApplication@35b0f5]" name="testcase8" duration-ms="25447" started-at="2021-11-26T12:54:22Z" finished-at="2021-11-26T12:54:48Z">
          <reporter-output>
          </reporter-output>
        </test-method> <!-- testcase8 -->
        <test-method status="PASS" signature="teardown()[pri:0, instance:com.mindtree.testrunner.BigSmallApplication@35b0f5]" name="teardown" is-config="true" duration-ms="1116" started-at="2021-11-26T12:54:48Z" finished-at="2021-11-26T12:54:49Z">
          <reporter-output>
          </reporter-output>
        </test-method> <!-- teardown -->
        <test-method status="PASS" signature="start()[pri:0, instance:com.mindtree.testrunner.BigSmallApplication@35b0f5]" name="start" is-config="true" duration-ms="12034" started-at="2021-11-26T12:54:49Z" finished-at="2021-11-26T12:55:01Z">
          <reporter-output>
          </reporter-output>
        </test-method> <!-- start -->
        <test-method status="PASS" signature="testcase9()[pri:9, instance:com.mindtree.testrunner.BigSmallApplication@35b0f5]" name="testcase9" duration-ms="14314" started-at="2021-11-26T12:55:01Z" finished-at="2021-11-26T12:55:15Z">
          <reporter-output>
          </reporter-output>
        </test-method> <!-- testcase9 -->
        <test-method status="PASS" signature="teardown()[pri:0, instance:com.mindtree.testrunner.BigSmallApplication@35b0f5]" name="teardown" is-config="true" duration-ms="861" started-at="2021-11-26T12:55:15Z" finished-at="2021-11-26T12:55:16Z">
          <reporter-output>
          </reporter-output>
        </test-method> <!-- teardown -->
        <test-method status="PASS" signature="start()[pri:0, instance:com.mindtree.testrunner.BigSmallApplication@35b0f5]" name="start" is-config="true" duration-ms="9302" started-at="2021-11-26T12:55:16Z" finished-at="2021-11-26T12:55:25Z">
          <reporter-output>
          </reporter-output>
        </test-method> <!-- start -->
        <test-method status="PASS" signature="testcase10()[pri:10, instance:com.mindtree.testrunner.BigSmallApplication@35b0f5]" name="testcase10" duration-ms="8307" started-at="2021-11-26T12:55:25Z" finished-at="2021-11-26T12:55:34Z">
          <reporter-output>
          </reporter-output>
        </test-method> <!-- testcase10 -->
        <test-method status="PASS" signature="teardown()[pri:0, instance:com.mindtree.testrunner.BigSmallApplication@35b0f5]" name="teardown" is-config="true" duration-ms="836" started-at="2021-11-26T12:55:34Z" finished-at="2021-11-26T12:55:35Z">
          <reporter-output>
          </reporter-output>
        </test-method> <!-- teardown -->
        <test-method status="PASS" signature="start()[pri:0, instance:com.mindtree.testrunner.BigSmallApplication@35b0f5]" name="start" is-config="true" duration-ms="10405" started-at="2021-11-26T12:55:35Z" finished-at="2021-11-26T12:55:45Z">
          <reporter-output>
          </reporter-output>
        </test-method> <!-- start -->
        <test-method status="PASS" signature="testcase11()[pri:11, instance:com.mindtree.testrunner.BigSmallApplication@35b0f5]" name="testcase11" duration-ms="11113" started-at="2021-11-26T12:55:45Z" finished-at="2021-11-26T12:55:56Z">
          <reporter-output>
          </reporter-output>
        </test-method> <!-- testcase11 -->
        <test-method status="PASS" signature="teardown()[pri:0, instance:com.mindtree.testrunner.BigSmallApplication@35b0f5]" name="teardown" is-config="true" duration-ms="1093" started-at="2021-11-26T12:55:56Z" finished-at="2021-11-26T12:55:57Z">
          <reporter-output>
          </reporter-output>
        </test-method> <!-- teardown -->
        <test-method status="PASS" signature="start()[pri:0, instance:com.mindtree.testrunner.BigSmallApplication@35b0f5]" name="start" is-config="true" duration-ms="8722" started-at="2021-11-26T12:55:57Z" finished-at="2021-11-26T12:56:06Z">
          <reporter-output>
          </reporter-output>
        </test-method> <!-- start -->
        <test-method status="PASS" signature="testcase12()[pri:12, instance:com.mindtree.testrunner.BigSmallApplication@35b0f5]" name="testcase12" duration-ms="7892" started-at="2021-11-26T12:56:06Z" finished-at="2021-11-26T12:56:14Z">
          <reporter-output>
          </reporter-output>
        </test-method> <!-- testcase12 -->
        <test-method status="PASS" signature="teardown()[pri:0, instance:com.mindtree.testrunner.BigSmallApplication@35b0f5]" name="teardown" is-config="true" duration-ms="767" started-at="2021-11-26T12:56:14Z" finished-at="2021-11-26T12:56:15Z">
          <reporter-output>
          </reporter-output>
        </test-method> <!-- teardown -->
      </class> <!-- com.mindtree.testrunner.BigSmallApplication -->
    </test> <!-- Test -->
  </suite> <!-- Suite -->
</testng-results>
